[33mwarn[39m:    --minUptime not set. Defaulting to: 1000ms
[33mwarn[39m:    --spinSleepTime not set. Your script will exit if it does not stay up for at least 1000ms
open
Listening on port 8001
f
f
f
f
f
f
f
f
e
e
f
f
e
e
e
e
f
f
e
e
f
f
f
f
e
e
e
e
f
f
f
f
e
e
f
f
f
f
e
e
f
f
e
e
e
e
e
e
f
f
f
f
e
e
f
f
f
f
e
e
f
f
f
f
f
f
f
f
e
e
f
f
f
f
e
e
e
e
f
f
e
e
e
e
f
f
f
f
f
f
f
f
f
f
f
f
f
f
e
e
e
e
f
f
f
f
f
f
f
f
f
f
e
e
e
e
e
e
f
f
f
f
f
f
f
f
f
f
f
f
e
e
f
f
f
f
f
f
f
f
f
f
f
f
e
e
f
f
f
f
f
f
f
f
f
f
e
e
e
e
f
f
f
f
e
e
f
f
e
e
f
f
e
e
e
e
f
f
f
f
e
e
e
e
f
f
e
e
e
e
e
e
f
f
e
e
f
f
e
e
e
e
e
e
f
f
f
f
f
f
f
f
f
f
f
f
f
f
f
f
f
f
e
e
e
e
f
f
e
e
f
f
e
e
e
e
e
e
f
f
f
f
f
f
f
f
f
f
f
f
e
e
f
f
e
e
e
e
f
f
e
e
e
e
e
e
f
f
e
e
e
e
f
f
e
e
e
e
f
f
f
f
f
f
e
e
f
f
e
e
e
e
f
f
e
e
f
f
Oh, hello there!
c
c
f
f
f
f
e
e
e
e
e
e
g
g
g
g
g
g
g
g
g
g
d
d
d
d
d
d
d
d
d
d
d
d
d
d
e
e
e
e
f
f
f
f
e
e
e
e
e
e
f
f
e
e
f
f
f
f
e
e
f
f
e
e
f
f
f
f
e
e
e
e
f
f
f
f
e
e
f
f
e
e
f
f
e
e
e
e
e
e
e
e
e
e
f
f
f
f
e
e
e
e
e
e
f
f
f
f
f
f
g
g
g
g
g
g
d
d
d
d
d
d
d
d
d
d
d
d
d
d
d
d
d
d
d
d
d
d
d
d
d
d
d
d
d
d
d
d
d
d
Oh, hello there!
Oh, hello there!
a
a
e
e
f
f
e
e
f
f
e
e
f
f
e
e
e
e
f
f
c
c
